2014/01/11 22:12:30 [error] [system.db.CDbCommand] CDbCommand::fetchAll() failed: SQLSTATE[42S02]: Base table or view not found: 1146 Table 'campus.tbl_migration' doesn't exist. The SQL statement executed was: SHOW COLUMNS FROM `tbl_migration`.
2014/01/11 23:11:35 [error] [exception.CHttpException.404] exception 'CHttpException' with message 'Unable to resolve the request "material".' in D:\www\campus\framework\web\CWebApplication.php:280
Stack trace:
#0 D:\www\campus\framework\web\CWebApplication.php(135): CWebApplication->runController('material')
#1 D:\www\campus\framework\base\CApplication.php(162): CWebApplication->processRequest()
#2 D:\www\campus\applications\backend\index.php(8): CApplication->run()
#3 {main}
REQUEST_URI=/index.php?r=material
---
2014/01/11 23:13:25 [error] [exception.CHttpException.404] exception 'CHttpException' with message 'Unable to resolve the request "material".' in D:\www\campus\framework\web\CWebApplication.php:280
Stack trace:
#0 D:\www\campus\framework\web\CWebApplication.php(135): CWebApplication->runController('material')
#1 D:\www\campus\framework\base\CApplication.php(162): CWebApplication->processRequest()
#2 D:\www\campus\applications\backend\index.php(8): CApplication->run()
#3 {main}
REQUEST_URI=/index.php?r=material
---
2014/01/11 23:13:26 [error] [exception.CHttpException.404] exception 'CHttpException' with message 'Unable to resolve the request "material".' in D:\www\campus\framework\web\CWebApplication.php:280
Stack trace:
#0 D:\www\campus\framework\web\CWebApplication.php(135): CWebApplication->runController('material')
#1 D:\www\campus\framework\base\CApplication.php(162): CWebApplication->processRequest()
#2 D:\www\campus\applications\backend\index.php(8): CApplication->run()
#3 {main}
REQUEST_URI=/index.php?r=material
---
2014/01/11 23:15:01 [error] [exception.CHttpException.404] exception 'CHttpException' with message 'Unable to resolve the request "material".' in D:\www\campus\framework\web\CWebApplication.php:280
Stack trace:
#0 D:\www\campus\framework\web\CWebApplication.php(135): CWebApplication->runController('material')
#1 D:\www\campus\framework\base\CApplication.php(162): CWebApplication->processRequest()
#2 D:\www\campus\applications\backend\index.php(8): CApplication->run()
#3 {main}
REQUEST_URI=/index.php?r=material
---
2014/01/11 23:15:14 [error] [exception.CHttpException.404] exception 'CHttpException' with message 'Unable to resolve the request "material".' in D:\www\campus\framework\web\CWebApplication.php:280
Stack trace:
#0 D:\www\campus\framework\web\CWebApplication.php(135): CWebApplication->runController('material')
#1 D:\www\campus\framework\base\CApplication.php(162): CWebApplication->processRequest()
#2 D:\www\campus\applications\backend\index.php(8): CApplication->run()
#3 {main}
REQUEST_URI=/index.php?r=material
---
2014/01/11 23:15:15 [error] [exception.CHttpException.404] exception 'CHttpException' with message 'Unable to resolve the request "material".' in D:\www\campus\framework\web\CWebApplication.php:280
Stack trace:
#0 D:\www\campus\framework\web\CWebApplication.php(135): CWebApplication->runController('material')
#1 D:\www\campus\framework\base\CApplication.php(162): CWebApplication->processRequest()
#2 D:\www\campus\applications\backend\index.php(8): CApplication->run()
#3 {main}
REQUEST_URI=/index.php?r=material
---
2014/01/12 11:31:09 [error] [php] Undefined index: status (D:\www\campus\core\extensions\yii-backvendor\web\backend\CBackendController.php:885)
Stack trace:
#0 D:\www\campus\framework\web\CBaseController.php(127): require()
#1 D:\www\campus\framework\web\CBaseController.php(96): SiteController->renderInternal()
#2 D:\www\campus\framework\web\CController.php(870): SiteController->renderFile()
#3 D:\www\campus\framework\web\CController.php(783): SiteController->renderPartial()
#4 D:\www\campus\core\extensions\yii-backvendor\web\backend\CBackendController.php(406): SiteController->render()
#5 D:\www\campus\framework\web\actions\CInlineAction.php(50): SiteController->actionAdmin()
#6 D:\www\campus\framework\web\CController.php(309): CInlineAction->runWithParams()
#7 D:\www\campus\framework\web\filters\CFilterChain.php(134): SiteController->runAction()
#8 D:\www\campus\framework\web\filters\CFilter.php(41): CFilterChain->run()
#9 D:\www\campus\framework\web\CController.php(1146): CAccessControlFilter->filter()
#10 D:\www\campus\framework\web\filters\CInlineFilter.php(59): SiteController->filterAccessControl()
#11 D:\www\campus\framework\web\filters\CFilterChain.php(131): CInlineFilter->filter()
#12 D:\www\campus\framework\web\CController.php(292): CFilterChain->run()
#13 D:\www\campus\framework\web\CController.php(266): SiteController->runActionWithFilters()
#14 D:\www\campus\framework\web\CWebApplication.php(276): SiteController->run()
#15 D:\www\campus\framework\web\CWebApplication.php(135): CWebApplication->runController()
#16 D:\www\campus\framework\base\CApplication.php(162): CWebApplication->processRequest()
#17 D:\www\campus\applications\backend\index.php(8): CWebApplication->run()
REQUEST_URI=/index.php?r=site/admin&entity=material
2014/01/14 23:30:52 [error] [php] include(BootAlert.php): failed to open stream: No such file or directory (D:\www\campus\framework\YiiBase.php:418)
Stack trace:
#0 D:\www\campus\framework\web\CWidgetFactory.php(147): import()
#1 D:\www\campus\framework\web\CBaseController.php(147): CWidgetFactory->createWidget()
#2 D:\www\campus\framework\web\CBaseController.php(173): SiteController->createWidget()
#3 D:\www\campus\applications\backend\protected\views\layouts\main.php(83): SiteController->widget()
#4 D:\www\campus\framework\web\CBaseController.php(127): require()
#5 D:\www\campus\framework\web\CBaseController.php(96): SiteController->renderInternal()
#6 D:\www\campus\framework\web\widgets\CContentDecorator.php(77): SiteController->renderFile()
#7 D:\www\campus\framework\web\widgets\CContentDecorator.php(55): CContentDecorator->decorate()
#8 D:\www\campus\framework\web\widgets\COutputProcessor.php(45): CContentDecorator->processOutput()
#9 D:\www\campus\framework\web\CBaseController.php(207): CContentDecorator->run()
#10 D:\www\campus\framework\web\CBaseController.php(301): SiteController->endWidget()
#11 D:\www\campus\applications\backend\protected\views\layouts\column2.php(34): SiteController->endContent()
#12 D:\www\campus\framework\web\CBaseController.php(127): require()
#13 D:\www\campus\framework\web\CBaseController.php(96): SiteController->renderInternal()
#14 D:\www\campus\framework\web\CController.php(785): SiteController->renderFile()
#15 D:\www\campus\core\extensions\yii-backvendor\web\backend\CBackendController.php(468): SiteController->render()
#16 D:\www\campus\framework\web\actions\CInlineAction.php(50): SiteController->actionLogin()
#17 D:\www\campus\framework\web\CController.php(309): CInlineAction->runWithParams()
#18 D:\www\campus\framework\web\filters\CFilterChain.php(134): SiteController->runAction()
#19 D:\www\campus\framework\web\filters\CFilter.php(41): CFilterChain->run()
#20 D:\www\campus\framework\web\CController.php(1146): CAccessControlFilter->filter()
#21 D:\www\campus\framework\web\filters\CInlineFilter.php(59): SiteController->filterAccessControl()
#22 D:\www\campus\framework\web\filters\CFilterChain.php(131): CInlineFilter->filter()
#23 D:\www\campus\framework\web\CController.php(292): CFilterChain->run()
#24 D:\www\campus\framework\web\CController.php(266): SiteController->runActionWithFilters()
#25 D:\www\campus\framework\web\CWebApplication.php(276): SiteController->run()
#26 D:\www\campus\framework\web\CWebApplication.php(135): CWebApplication->runController()
#27 D:\www\campus\framework\base\CApplication.php(162): CWebApplication->processRequest()
#28 D:\www\campus\applications\backend\index.php(8): CWebApplication->run()
REQUEST_URI=/index.php?r=site/login
2014/01/14 23:30:54 [error] [php] include(BootAlert.php): failed to open stream: No such file or directory (D:\www\campus\framework\YiiBase.php:418)
Stack trace:
#0 D:\www\campus\framework\web\CWidgetFactory.php(147): import()
#1 D:\www\campus\framework\web\CBaseController.php(147): CWidgetFactory->createWidget()
#2 D:\www\campus\framework\web\CBaseController.php(173): SiteController->createWidget()
#3 D:\www\campus\applications\backend\protected\views\layouts\main.php(83): SiteController->widget()
#4 D:\www\campus\framework\web\CBaseController.php(127): require()
#5 D:\www\campus\framework\web\CBaseController.php(96): SiteController->renderInternal()
#6 D:\www\campus\framework\web\widgets\CContentDecorator.php(77): SiteController->renderFile()
#7 D:\www\campus\framework\web\widgets\CContentDecorator.php(55): CContentDecorator->decorate()
#8 D:\www\campus\framework\web\widgets\COutputProcessor.php(45): CContentDecorator->processOutput()
#9 D:\www\campus\framework\web\CBaseController.php(207): CContentDecorator->run()
#10 D:\www\campus\framework\web\CBaseController.php(301): SiteController->endWidget()
#11 D:\www\campus\applications\backend\protected\views\layouts\column2.php(34): SiteController->endContent()
#12 D:\www\campus\framework\web\CBaseController.php(127): require()
#13 D:\www\campus\framework\web\CBaseController.php(96): SiteController->renderInternal()
#14 D:\www\campus\framework\web\CController.php(785): SiteController->renderFile()
#15 D:\www\campus\core\extensions\yii-backvendor\web\backend\CBackendController.php(468): SiteController->render()
#16 D:\www\campus\framework\web\actions\CInlineAction.php(50): SiteController->actionLogin()
#17 D:\www\campus\framework\web\CController.php(309): CInlineAction->runWithParams()
#18 D:\www\campus\framework\web\filters\CFilterChain.php(134): SiteController->runAction()
#19 D:\www\campus\framework\web\filters\CFilter.php(41): CFilterChain->run()
#20 D:\www\campus\framework\web\CController.php(1146): CAccessControlFilter->filter()
#21 D:\www\campus\framework\web\filters\CInlineFilter.php(59): SiteController->filterAccessControl()
#22 D:\www\campus\framework\web\filters\CFilterChain.php(131): CInlineFilter->filter()
#23 D:\www\campus\framework\web\CController.php(292): CFilterChain->run()
#24 D:\www\campus\framework\web\CController.php(266): SiteController->runActionWithFilters()
#25 D:\www\campus\framework\web\CWebApplication.php(276): SiteController->run()
#26 D:\www\campus\framework\web\CWebApplication.php(135): CWebApplication->runController()
#27 D:\www\campus\framework\base\CApplication.php(162): CWebApplication->processRequest()
#28 D:\www\campus\applications\backend\index.php(8): CWebApplication->run()
REQUEST_URI=/index.php?r=site/login
2014/01/14 23:35:42 [error] [exception.CHttpException.403] exception 'CHttpException' with message 'You are not authorized to perform this action.' in D:\www\campus\framework\web\auth\CAccessControlFilter.php:157
Stack trace:
#0 D:\www\campus\framework\web\auth\CAccessControlFilter.php(120): CAccessControlFilter->accessDenied(Object(CWebUser), 'You are not aut...')
#1 D:\www\campus\framework\web\filters\CFilter.php(39): CAccessControlFilter->preFilter(Object(CFilterChain))
#2 D:\www\campus\framework\web\CController.php(1146): CFilter->filter(Object(CFilterChain))
#3 D:\www\campus\framework\web\filters\CInlineFilter.php(59): CController->filterAccessControl(Object(CFilterChain))
#4 D:\www\campus\framework\web\filters\CFilterChain.php(131): CInlineFilter->filter(Object(CFilterChain))
#5 D:\www\campus\framework\web\CController.php(292): CFilterChain->run()
#6 D:\www\campus\framework\web\CController.php(266): CController->runActionWithFilters(Object(CInlineAction), Array)
#7 D:\www\campus\framework\web\CWebApplication.php(276): CController->run('create')
#8 D:\www\campus\framework\web\CWebApplication.php(135): CWebApplication->runController('site/create')
#9 D:\www\campus\framework\base\CApplication.php(162): CWebApplication->processRequest()
#10 D:\www\campus\applications\backend\index.php(8): CApplication->run()
#11 {main}
REQUEST_URI=/index.php?r=site/create&entity=admin
HTTP_REFERER=http://admin.campus.dev/index.php?r=site/admin&entity=admin
---
2014/01/14 23:35:54 [error] [exception.CHttpException.403] exception 'CHttpException' with message 'You are not authorized to perform this action.' in D:\www\campus\framework\web\auth\CAccessControlFilter.php:157
Stack trace:
#0 D:\www\campus\framework\web\auth\CAccessControlFilter.php(120): CAccessControlFilter->accessDenied(Object(CWebUser), 'You are not aut...')
#1 D:\www\campus\framework\web\filters\CFilter.php(39): CAccessControlFilter->preFilter(Object(CFilterChain))
#2 D:\www\campus\framework\web\CController.php(1146): CFilter->filter(Object(CFilterChain))
#3 D:\www\campus\framework\web\filters\CInlineFilter.php(59): CController->filterAccessControl(Object(CFilterChain))
#4 D:\www\campus\framework\web\filters\CFilterChain.php(131): CInlineFilter->filter(Object(CFilterChain))
#5 D:\www\campus\framework\web\CController.php(292): CFilterChain->run()
#6 D:\www\campus\framework\web\CController.php(266): CController->runActionWithFilters(Object(CInlineAction), Array)
#7 D:\www\campus\framework\web\CWebApplication.php(276): CController->run('create')
#8 D:\www\campus\framework\web\CWebApplication.php(135): CWebApplication->runController('site/create')
#9 D:\www\campus\framework\base\CApplication.php(162): CWebApplication->processRequest()
#10 D:\www\campus\applications\backend\index.php(8): CApplication->run()
#11 {main}
REQUEST_URI=/index.php?r=site/create&entity=teacher
HTTP_REFERER=http://admin.campus.dev/index.php?r=site/admin&entity=teacher
---
